2018-08-12 14:36:03.278 INFO  (main) [   ] o.e.j.u.log Logging initialized @1437ms to org.eclipse.jetty.util.log.Slf4jLog
2018-08-12 14:36:03.527 INFO  (main) [   ] o.e.j.s.Server jetty-9.4.10.v20180503; built: 2018-05-03T15:56:21.710Z; git: daa59876e6f384329b122929e70a80934569428c; jvm 1.8.0_161-b12
2018-08-12 14:36:03.573 INFO  (main) [   ] o.e.j.d.p.ScanningAppProvider Deployment monitor [file:///F:/workspace/solr-7.4.0/server/contexts/] at interval 0
2018-08-12 14:36:04.026 INFO  (main) [   ] o.e.j.w.StandardDescriptorProcessor NO JSP Support for /solr, did not find org.apache.jasper.servlet.JspServlet
2018-08-12 14:36:04.042 INFO  (main) [   ] o.e.j.s.session DefaultSessionIdManager workerName=node0
2018-08-12 14:36:04.042 INFO  (main) [   ] o.e.j.s.session No SessionScavenger set, using defaults
2018-08-12 14:36:04.042 INFO  (main) [   ] o.e.j.s.session node0 Scavenging every 660000ms
2018-08-12 14:36:04.120 INFO  (main) [   ] o.a.s.u.c.SSLCredentialProviderFactory Processing SSL Credential Provider chain: env;sysprop
2018-08-12 14:36:04.151 INFO  (main) [   ] o.a.s.s.SolrDispatchFilter Using logger factory org.apache.logging.slf4j.Log4jLoggerFactory
2018-08-12 14:36:04.167 INFO  (main) [   ] o.a.s.s.SolrDispatchFilter  ___      _       Welcome to Apache Solr? version 7.4.0
2018-08-12 14:36:04.167 INFO  (main) [   ] o.a.s.s.SolrDispatchFilter / __| ___| |_ _   Starting in standalone mode on port 8983
2018-08-12 14:36:04.167 INFO  (main) [   ] o.a.s.s.SolrDispatchFilter \__ \/ _ \ | '_|  Install dir: F:\workspace\solr-7.4.0
2018-08-12 14:36:04.167 INFO  (main) [   ] o.a.s.s.SolrDispatchFilter |___/\___/_|_|    Start time: 2018-08-12T14:36:04.167Z
2018-08-12 14:36:04.198 INFO  (main) [   ] o.a.s.c.SolrResourceLoader Using system property solr.solr.home: F:\workspace\solr-7.4.0\server\solr
2018-08-12 14:36:04.198 INFO  (main) [   ] o.a.s.c.SolrXmlConfig Loading container configuration from F:\workspace\solr-7.4.0\server\solr\solr.xml
2018-08-12 14:36:04.274 INFO  (main) [   ] o.a.s.c.SolrXmlConfig MBean server found: com.sun.jmx.mbeanserver.JmxMBeanServer@7bc1a03d, but no JMX reporters were configured - adding default JMX reporter.
2018-08-12 14:36:05.558 INFO  (main) [   ] o.a.s.c.TransientSolrCoreCacheDefault Allocating transient cache for 2147483647 transient cores
2018-08-12 14:36:05.573 INFO  (main) [   ] o.a.s.h.a.MetricsHistoryHandler No .system collection, keeping metrics history in memory.
2018-08-12 14:36:05.636 INFO  (main) [   ] o.a.s.m.r.SolrJmxReporter JMX monitoring for 'solr.node' (registry 'solr.node') enabled at server: com.sun.jmx.mbeanserver.JmxMBeanServer@7bc1a03d
2018-08-12 14:36:05.636 INFO  (main) [   ] o.a.s.m.r.SolrJmxReporter JMX monitoring for 'solr.jvm' (registry 'solr.jvm') enabled at server: com.sun.jmx.mbeanserver.JmxMBeanServer@7bc1a03d
2018-08-12 14:36:05.651 INFO  (main) [   ] o.a.s.m.r.SolrJmxReporter JMX monitoring for 'solr.jetty' (registry 'solr.jetty') enabled at server: com.sun.jmx.mbeanserver.JmxMBeanServer@7bc1a03d
2018-08-12 14:36:05.683 INFO  (main) [   ] o.a.s.c.CorePropertiesLocator Found 1 core definitions underneath F:\workspace\solr-7.4.0\server\solr
2018-08-12 14:36:05.683 INFO  (main) [   ] o.a.s.c.CorePropertiesLocator Cores are: [articles]
2018-08-12 14:36:05.776 INFO  (coreLoadExecutor-9-thread-1) [   x:articles] o.a.s.c.SolrResourceLoader [articles] Added 57 libs to classloader, from paths: [/F:/workspace/solr-7.4.0/contrib/clustering/lib, /F:/workspace/solr-7.4.0/contrib/extraction/lib, /F:/workspace/solr-7.4.0/contrib/langid/lib, /F:/workspace/solr-7.4.0/contrib/velocity/lib, /F:/workspace/solr-7.4.0/dist]
2018-08-12 14:36:06.013 INFO  (coreLoadExecutor-9-thread-1) [   x:articles] o.a.s.c.SolrConfig Using Lucene MatchVersion: 7.4.0
2018-08-12 14:36:06.240 INFO  (coreLoadExecutor-9-thread-1) [   x:articles] o.a.s.s.IndexSchema [articles] Schema name=default-config
2018-08-12 14:36:06.503 INFO  (main) [   ] o.e.j.s.h.ContextHandler Started o.e.j.w.WebAppContext@4e3958e7{/solr,file:///F:/workspace/solr-7.4.0/server/solr-webapp/webapp/,AVAILABLE}{file:///F:/workspace/solr-7.4.0/server//solr-webapp/webapp}
2018-08-12 14:36:06.527 INFO  (main) [   ] o.e.j.s.AbstractConnector Started ServerConnector@183e8023{HTTP/1.1,[http/1.1]}{0.0.0.0:8983}
2018-08-12 14:36:06.527 INFO  (main) [   ] o.e.j.s.Server Started @4691ms
2018-08-12 14:36:06.883 INFO  (coreLoadExecutor-9-thread-1) [   x:articles] o.a.s.s.IndexSchema Loaded schema default-config/1.6 with uniqueid field id
2018-08-12 14:36:06.930 INFO  (coreLoadExecutor-9-thread-1) [   x:articles] o.a.s.c.CoreContainer Creating SolrCore 'articles' using configuration from instancedir F:\workspace\solr-7.4.0\server\solr\articles, trusted=true
2018-08-12 14:36:06.992 INFO  (coreLoadExecutor-9-thread-1) [   x:articles] o.a.s.m.r.SolrJmxReporter JMX monitoring for 'solr.core.articles' (registry 'solr.core.articles') enabled at server: com.sun.jmx.mbeanserver.JmxMBeanServer@7bc1a03d
2018-08-12 14:36:07.008 INFO  (coreLoadExecutor-9-thread-1) [   x:articles] o.a.s.c.SolrCore solr.RecoveryStrategy.Builder
2018-08-12 14:36:07.017 INFO  (coreLoadExecutor-9-thread-1) [   x:articles] o.a.s.c.SolrCore [[articles] ] Opening new SolrCore at [F:\workspace\solr-7.4.0\server\solr\articles], dataDir=[F:\workspace\solr-7.4.0\server\solr\articles\data\]
2018-08-12 14:36:07.057 INFO  (coreLoadExecutor-9-thread-1) [   x:articles] o.a.s.r.XSLTResponseWriter xsltCacheLifetimeSeconds=5
2018-08-12 14:36:07.698 INFO  (coreLoadExecutor-9-thread-1) [   x:articles] o.a.s.u.UpdateHandler Using UpdateLog implementation: org.apache.solr.update.UpdateLog
2018-08-12 14:36:07.698 INFO  (coreLoadExecutor-9-thread-1) [   x:articles] o.a.s.u.UpdateLog Initializing UpdateLog: dataDir= defaultSyncLevel=FLUSH numRecordsToKeep=100 maxNumLogsToKeep=10 numVersionBuckets=65536
2018-08-12 14:36:07.745 INFO  (coreLoadExecutor-9-thread-1) [   x:articles] o.a.s.u.CommitTracker Hard AutoCommit: if uncommited for 15000ms; 
2018-08-12 14:36:07.745 INFO  (coreLoadExecutor-9-thread-1) [   x:articles] o.a.s.u.CommitTracker Soft AutoCommit: disabled
2018-08-12 14:36:07.837 INFO  (coreLoadExecutor-9-thread-1) [   x:articles] o.a.s.s.SolrIndexSearcher Opening [Searcher@1ddd1a6d[articles] main]
2018-08-12 14:36:07.852 INFO  (coreLoadExecutor-9-thread-1) [   x:articles] o.a.s.r.ManagedResourceStorage File-based storage initialized to use dir: F:\workspace\solr-7.4.0\server\solr\articles\conf
2018-08-12 14:36:07.883 INFO  (coreLoadExecutor-9-thread-1) [   x:articles] o.a.s.h.c.SpellCheckComponent Initializing spell checkers
2018-08-12 14:36:07.899 INFO  (coreLoadExecutor-9-thread-1) [   x:articles] o.a.s.s.DirectSolrSpellChecker init: {name=default,field=_text_,classname=solr.DirectSolrSpellChecker,distanceMeasure=internal,accuracy=0.5,maxEdits=2,minPrefix=1,maxInspections=5,minQueryLength=4,maxQueryFrequency=0.01}
2018-08-12 14:36:07.915 INFO  (coreLoadExecutor-9-thread-1) [   x:articles] o.a.s.h.ReplicationHandler Commits will be reserved for 10000ms.
2018-08-12 14:36:07.915 INFO  (searcherExecutor-10-thread-1-processing-x:articles) [   x:articles] o.a.s.c.QuerySenderListener QuerySenderListener sending requests to Searcher@1ddd1a6d[articles] main{ExitableDirectoryReader(UninvertingDirectoryReader())}
2018-08-12 14:36:07.915 INFO  (searcherExecutor-10-thread-1-processing-x:articles) [   x:articles] o.a.s.c.QuerySenderListener QuerySenderListener done.
2018-08-12 14:36:07.915 INFO  (searcherExecutor-10-thread-1-processing-x:articles) [   x:articles] o.a.s.h.c.SpellCheckComponent Loading spell index for spellchecker: default
2018-08-12 14:36:07.930 INFO  (searcherExecutor-10-thread-1-processing-x:articles) [   x:articles] o.a.s.c.SolrCore [articles] Registered new searcher Searcher@1ddd1a6d[articles] main{ExitableDirectoryReader(UninvertingDirectoryReader())}
2018-08-12 14:36:11.058 INFO  (qtp363988129-19) [   ] o.a.s.s.HttpSolrCall [admin] webapp=null path=/admin/info/system params={wt=json} status=0 QTime=123
2018-08-12 14:36:20.459 INFO  (qtp363988129-18) [   ] o.a.s.s.HttpSolrCall [admin] webapp=null path=/admin/cores params={indexInfo=false&wt=json&_=1534084580300} status=0 QTime=2
2018-08-12 14:36:20.580 INFO  (qtp363988129-16) [   ] o.a.s.s.HttpSolrCall [admin] webapp=null path=/admin/info/system params={wt=json&_=1534084580301} status=0 QTime=121
2018-08-12 14:36:21.837 INFO  (qtp363988129-20) [   x:articles] o.a.s.c.S.Request [articles]  webapp=/solr path=/select params={q=*:*&_=1534084580412} hits=0 status=0 QTime=34
2018-08-12 14:36:36.520 INFO  (qtp363988129-15) [   x:articles] o.a.s.c.S.Request [articles]  webapp=/solr path=/select params={q=*:*&_=1534084580412} hits=0 status=0 QTime=0
2018-08-12 14:36:36.666 INFO  (qtp363988129-20) [   x:articles] o.a.s.c.S.Request [articles]  webapp=/solr path=/select params={q=*:*&_=1534084580412} hits=0 status=0 QTime=0
2018-08-12 14:36:47.977 INFO  (qtp363988129-18) [   x:articles] o.a.s.u.p.LogUpdateProcessorFactory [articles]  webapp=/solr path=/update params={wt=javabin&version=2}{add=[20180812103647 (1608604301442154496)]} 0 461
2018-08-12 14:36:47.984 INFO  (qtp363988129-20) [   x:articles] o.a.s.u.DirectUpdateHandler2 start commit{_version_=1608604301901430784,optimize=false,openSearcher=true,waitSearcher=true,expungeDeletes=false,softCommit=false,prepareCommit=false}
2018-08-12 14:36:47.985 INFO  (qtp363988129-20) [   x:articles] o.a.s.u.SolrIndexWriter Calling setCommitData with IW:org.apache.solr.update.SolrIndexWriter@4b7ed5e4 commitCommandVersion:1608604301901430784
2018-08-12 14:36:48.224 INFO  (qtp363988129-20) [   x:articles] o.a.s.s.SolrIndexSearcher Opening [Searcher@7d708c29[articles] main]
2018-08-12 14:36:48.226 INFO  (qtp363988129-20) [   x:articles] o.a.s.u.DirectUpdateHandler2 end_commit_flush
2018-08-12 14:36:48.227 INFO  (searcherExecutor-10-thread-1-processing-x:articles) [   x:articles] o.a.s.c.QuerySenderListener QuerySenderListener sending requests to Searcher@7d708c29[articles] main{ExitableDirectoryReader(UninvertingDirectoryReader(Uninverting(_7(7.4.0):C1)))}
2018-08-12 14:36:48.228 INFO  (searcherExecutor-10-thread-1-processing-x:articles) [   x:articles] o.a.s.c.QuerySenderListener QuerySenderListener done.
2018-08-12 14:36:48.232 INFO  (searcherExecutor-10-thread-1-processing-x:articles) [   x:articles] o.a.s.c.SolrCore [articles] Registered new searcher Searcher@7d708c29[articles] main{ExitableDirectoryReader(UninvertingDirectoryReader(Uninverting(_7(7.4.0):C1)))}
2018-08-12 14:36:48.240 INFO  (qtp363988129-20) [   x:articles] o.a.s.u.p.LogUpdateProcessorFactory [articles]  webapp=/solr path=/update params={waitSearcher=true&commit=true&softCommit=false&wt=javabin&version=2}{commit=} 0 257
2018-08-12 14:36:52.173 INFO  (qtp363988129-18) [   x:articles] o.a.s.u.p.LogUpdateProcessorFactory [articles]  webapp=/solr path=/update params={wt=javabin&version=2}{add=[20180812103652 (1608604306291818496)]} 0 3
2018-08-12 14:36:52.178 INFO  (qtp363988129-20) [   x:articles] o.a.s.u.DirectUpdateHandler2 start commit{_version_=1608604306299158528,optimize=false,openSearcher=true,waitSearcher=true,expungeDeletes=false,softCommit=false,prepareCommit=false}
2018-08-12 14:36:52.178 INFO  (qtp363988129-20) [   x:articles] o.a.s.u.SolrIndexWriter Calling setCommitData with IW:org.apache.solr.update.SolrIndexWriter@4b7ed5e4 commitCommandVersion:1608604306299158528
2018-08-12 14:36:52.292 INFO  (qtp363988129-20) [   x:articles] o.a.s.s.SolrIndexSearcher Opening [Searcher@3ece9782[articles] main]
2018-08-12 14:36:52.294 INFO  (searcherExecutor-10-thread-1-processing-x:articles) [   x:articles] o.a.s.c.QuerySenderListener QuerySenderListener sending requests to Searcher@3ece9782[articles] main{ExitableDirectoryReader(UninvertingDirectoryReader(Uninverting(_7(7.4.0):C1) Uninverting(_8(7.4.0):C1)))}
2018-08-12 14:36:52.294 INFO  (searcherExecutor-10-thread-1-processing-x:articles) [   x:articles] o.a.s.c.QuerySenderListener QuerySenderListener done.
2018-08-12 14:36:52.294 INFO  (qtp363988129-20) [   x:articles] o.a.s.u.DirectUpdateHandler2 end_commit_flush
2018-08-12 14:36:52.295 INFO  (searcherExecutor-10-thread-1-processing-x:articles) [   x:articles] o.a.s.c.SolrCore [articles] Registered new searcher Searcher@3ece9782[articles] main{ExitableDirectoryReader(UninvertingDirectoryReader(Uninverting(_7(7.4.0):C1) Uninverting(_8(7.4.0):C1)))}
2018-08-12 14:36:52.296 INFO  (qtp363988129-20) [   x:articles] o.a.s.u.p.LogUpdateProcessorFactory [articles]  webapp=/solr path=/update params={waitSearcher=true&commit=true&softCommit=false&wt=javabin&version=2}{commit=} 0 118
2018-08-12 14:36:57.525 INFO  (qtp363988129-15) [   x:articles] o.a.s.c.S.Request [articles]  webapp=/solr path=/select params={q=*:*&_=1534084580412} hits=2 status=0 QTime=6
2018-08-12 14:38:02.831 INFO  (qtp363988129-20) [   x:articles] o.a.s.c.S.Request [articles]  webapp=/solr path=/select params={q=*:*&_=1534084580412} hits=2 status=0 QTime=0
2018-08-12 14:38:03.051 INFO  (qtp363988129-19) [   x:articles] o.a.s.c.S.Request [articles]  webapp=/solr path=/select params={q=*:*&_=1534084580412} hits=2 status=0 QTime=0
2018-08-12 14:38:03.248 INFO  (qtp363988129-20) [   x:articles] o.a.s.c.S.Request [articles]  webapp=/solr path=/select params={q=*:*&_=1534084580412} hits=2 status=0 QTime=0
